2020年07月09日14时

2020年07月09日15时

2020年07月09日16时
54(ID:544)开始旅行, 由北京前往重庆
54(ID:544)当前处于北京前往呼和浩特的汽车上

2020年07月09日17时
54(ID:544)当前停留在呼和浩特

2020年07月09日18时
54(ID:544)当前处于呼和浩特前往太原的汽车上

2020年07月09日19时
54(ID:544)当前处于呼和浩特前往太原的汽车上

2020年07月09日20时
54(ID:544)当前停留在太原

2020年07月09日21时
54(ID:544)当前停留在太原

2020年07月09日22时
54(ID:544)当前停留在太原

2020年07月09日23时
54(ID:544)当前停留在太原

2020年07月10日00时
54(ID:544)当前停留在太原

2020年07月10日01时
54(ID:544)当前停留在太原

2020年07月10日02时
54(ID:544)当前停留在太原

2020年07月10日03时
54(ID:544)当前停留在太原

2020年07月10日04时
54(ID:544)当前停留在太原

2020年07月10日05时
54(ID:544)当前处于太原前往西安的汽车上

2020年07月10日06时
54(ID:544)当前处于太原前往西安的汽车上

2020年07月10日07时
54(ID:544)当前处于太原前往西安的汽车上

2020年07月10日08时
54(ID:544)当前处于太原前往西安的汽车上

2020年07月10日09时
54(ID:544)当前处于西安前往重庆的汽车上

2020年07月10日10时
54(ID:544)当前处于西安前往重庆的汽车上

2020年07月10日11时
54(ID:544)当前处于西安前往重庆的汽车上

2020年07月10日12时
54(ID:544)当前处于西安前往重庆的汽车上

2020年07月10日13时
54(ID:544)当前处于西安前往重庆的汽车上

2020年07月10日14时
54(ID:544)到达目的地重庆

2020年07月10日15时

2020年07月10日16时

2020年07月10日17时

2020年07月10日18时

2020年07月10日19时

2020年07月10日20时

2020年07月10日21时

2020年07月10日22时

2020年07月10日23时

2020年07月11日00时

2020年07月11日01时

2020年07月11日02时

2020年07月11日03时

2020年07月11日04时

2020年07月11日05时

2020年07月11日06时

2020年07月11日07时

2020年07月11日08时

2020年07月11日09时

2020年07月11日10时

2020年07月11日11时

2020年07月11日12时

2020年07月11日13时

2020年07月11日14时

2020年07月11日15时

2020年07月11日16时

2020年07月11日17时

2020年07月11日18时

2020年07月11日19时

2020年07月11日20时

2020年07月11日21时

2020年07月11日22时

2020年07月11日23时

2020年07月12日00时

2020年07月12日01时

2020年07月12日02时

2020年07月12日03时

2020年07月12日04时

2020年07月12日05时

2020年07月12日06时

2020年07月12日07时

2020年07月12日08时

2020年07月12日09时

2020年07月12日10时

2020年07月12日11时

2020年07月12日12时

2020年07月12日13时

2020年07月12日14时

2020年07月12日15时

2020年07月12日16时

2020年07月12日17时

2020年07月12日18时

2020年07月12日19时

2020年07月12日20时

2020年07月12日21时

2020年07月12日22时

2020年07月12日23时

2020年07月13日00时

2020年07月13日01时

2020年07月13日02时

2020年07月13日03时

2020年07月13日04时

2020年07月13日05时

2020年07月13日06时

2020年07月13日07时

2020年07月13日08时

2020年07月13日09时

2020年07月13日10时

2020年07月13日11时

2020年07月13日12时

2020年07月13日13时

2020年07月13日14时

2020年07月13日15时

2020年07月13日16时

2020年07月13日17时

2020年07月13日18时

2020年07月13日19时

2020年07月13日20时

2020年07月13日21时

2020年07月13日22时

2020年07月13日23时

2020年07月14日00时

2020年07月14日01时

2020年07月14日02时

2020年07月14日03时

2020年07月14日04时

2020年07月14日05时

2020年07月14日06时

2020年07月14日07时

2020年07月14日08时

2020年07月14日09时

2020年07月14日10时

2020年07月14日11时

2020年07月14日12时

2020年07月14日13时

2020年07月14日14时

2020年07月14日15时

2020年07月14日16时

2020年07月14日17时

2020年07月14日18时

2020年07月14日19时

2020年07月14日20时

2020年07月14日21时

2020年07月14日22时

2020年07月14日23时

2020年07月15日00时

2020年07月15日01时

2020年07月15日02时

2020年07月15日03时

2020年07月15日04时

2020年07月15日05时

2020年07月15日06时

2020年07月15日07时

2020年07月15日08时

2020年07月15日09时

2020年07月15日10时

2020年07月15日11时

2020年07月15日12时

2020年07月15日13时

2020年07月15日14时

2020年07月15日15时

2020年07月15日16时

2020年07月15日17时

2020年07月15日18时

2020年07月15日19时

2020年07月15日20时

2020年07月15日21时

2020年07月15日22时

2020年07月15日23时

2020年07月16日00时

2020年07月16日01时

2020年07月16日02时

2020年07月16日03时

2020年07月16日04时

2020年07月16日05时

2020年07月16日06时

2020年07月16日07时

2020年07月16日08时

2020年07月16日09时

2020年07月16日10时

2020年07月16日11时

2020年07月16日12时

2020年07月16日13时

2020年07月16日14时

2020年07月16日15时

2020年07月16日16时

2020年07月16日17时

2020年07月16日18时

2020年07月16日19时

2020年07月16日20时

2020年07月16日21时

2020年07月16日22时

2020年07月16日23时

2020年07月17日00时

2020年07月17日01时

2020年07月17日02时

2020年07月17日03时

2020年07月17日04时

2020年07月17日05时

2020年07月17日06时

2020年07月17日07时

2020年07月17日08时

2020年07月17日09时

2020年07月17日10时

2020年07月17日11时

2020年07月17日12时

2020年07月17日13时

2020年07月17日14时

2020年07月17日15时

2020年07月17日16时

2020年07月17日17时

2020年07月17日18时

2020年07月17日19时

2020年07月17日20时

2020年07月17日21时

2020年07月17日22时

2020年07月17日23时

2020年07月18日00时

2020年07月18日01时

2020年07月18日02时

2020年07月18日03时

2020年07月18日04时

2020年07月18日05时

2020年07月18日06时

2020年07月18日07时

2020年07月18日08时

2020年07月18日09时

2020年07月18日10时

2020年07月18日11时

2020年07月18日12时

2020年07月18日13时

2020年07月18日14时

2020年07月18日15时

2020年07月18日16时

2020年07月18日17时

2020年07月18日18时

2020年07月18日19时

2020年07月18日20时

2020年07月18日21时

2020年07月18日22时

2020年07月18日23时

2020年07月19日00时

2020年07月19日01时

2020年07月19日02时

2020年07月19日03时

2020年07月19日04时

2020年07月19日05时

2020年07月19日06时

2020年07月19日07时

2020年07月19日08时

2020年07月19日09时

2020年07月19日10时

2020年07月19日11时

2020年07月19日12时

2020年07月19日13时

2020年07月19日14时

2020年07月19日15时

2020年07月19日16时
254(ID:1223)开始旅行, 由北京前往重庆
254(ID:1223)当前处于北京前往呼和浩特的汽车上

2020年07月19日17时
254(ID:1223)当前停留在呼和浩特

2020年07月19日18时
254(ID:1223)当前处于呼和浩特前往太原的汽车上

2020年07月19日19时
254(ID:1223)当前处于呼和浩特前往太原的汽车上

2020年07月19日20时
254(ID:1223)当前停留在太原

2020年07月19日21时
254(ID:1223)当前停留在太原

2020年07月19日22时
254(ID:1223)当前停留在太原

2020年07月19日23时
254(ID:1223)当前停留在太原

2020年07月20日00时
254(ID:1223)当前停留在太原

2020年07月20日01时
56(ID:0)开始旅行, 由哈尔滨前往乌鲁木齐
254(ID:1223)当前停留在太原
56(ID:0)当前停留在哈尔滨

2020年07月20日02时
254(ID:1223)当前停留在太原
56(ID:0)当前停留在哈尔滨

2020年07月20日03时
254(ID:1223)当前停留在太原
56(ID:0)当前停留在哈尔滨

2020年07月20日04时
254(ID:1223)当前停留在太原
56(ID:0)当前停留在哈尔滨

2020年07月20日05时
